<?xml version="1.0" encoding="UTF-8"?>
<!-- Generated by org.testng.reporters.JUnitXMLReporter -->
<testsuite hostname="SOYEBs-MacBook-Air.local" ignored="2" name="Default test" tests="1" failures="0" timestamp="02 Sep 2020 16:22:58 GMT" time="1.612" errors="0">
  <testcase name="patchTitle" time="1.56" classname="com.restAssured.write.SimpleAPIWrites"/>
  <testcase name="simpleDelete" time="0.0" classname="com.restAssured.write.SimpleAPIWrites">
    <ignored/>
  </testcase> <!-- simpleDelete -->
  <testcase name="simpleWrite" time="0.0" classname="com.restAssured.write.SimpleAPIWrites">
    <ignored/>
  </testcase> <!-- simpleWrite -->
</testsuite> <!-- Default test -->
