<?xml version="1.0" encoding="UTF-8"?>
<!-- Generated by org.testng.reporters.JUnitXMLReporter -->
<testsuite hostname="SOYEBs-MacBook-Air.local" ignored="0" name="Business loan" tests="4" failures="0" timestamp="02 Sep 2020 17:14:34 GMT" time="0.031" errors="0">
  <testcase name="plan4" time="0.002" classname="Adda.testNg.testNG.day3"/>
  <testcase name="plan5" time="0.003" classname="Adda.testNg.testNG.day3"/>
  <testcase name="plan4" time="0.002" classname="Adda.testNg.testNG.day4"/>
  <testcase name="plan5" time="0.003" classname="Adda.testNg.testNG.day4"/>
</testsuite> <!-- Business loan -->
