<?xml version="1.0" encoding="UTF-8"?>
<!-- Generated by org.testng.reporters.JUnitXMLReporter -->
<testsuite hostname="SOYEBs-MacBook-Air.local" ignored="0" name="Personal loan" tests="3" failures="0" timestamp="02 Sep 2020 17:14:33 GMT" time="0.126" errors="0">
  <testcase name="plan" time="0.043" classname="Adda.testNg.testNG.day1"/>
  <testcase name="plan2" time="0.004" classname="Adda.testNg.testNG.day1"/>
  <testcase name="plan3" time="0.004" classname="Adda.testNg.testNG.day2"/>
</testsuite> <!-- Personal loan -->
