<?xml version="1.0" encoding="UTF-8"?>
<testng-results skipped="0" failed="0" ignored="0" total="7" passed="7">
  <reporter-output>
  </reporter-output>
  <suite name="Loan Department" duration-ms="1114" started-at="2020-09-02T17:14:32Z" finished-at="2020-09-02T17:14:33Z">
    <groups>
    </groups>
    <test name="Personal loan" duration-ms="126" started-at="2020-09-02T17:14:32Z" finished-at="2020-09-02T17:14:32Z">
      <class name="Adda.testNg.testNG.day1">
        <test-method status="PASS" signature="plan()[pri:0, instance:Adda.testNg.testNG.day1@3b2da18f]" name="plan" duration-ms="43" started-at="2020-09-02T13:14:32Z" finished-at="2020-09-02T13:14:32Z">
          <reporter-output>
          </reporter-output>
        </test-method> <!-- plan -->
        <test-method status="PASS" signature="plan2()[pri:0, instance:Adda.testNg.testNG.day1@3b2da18f]" name="plan2" duration-ms="4" started-at="2020-09-02T13:14:32Z" finished-at="2020-09-02T13:14:32Z">
          <reporter-output>
          </reporter-output>
        </test-method> <!-- plan2 -->
      </class> <!-- Adda.testNg.testNG.day1 -->
      <class name="Adda.testNg.testNG.day2">
        <test-method status="PASS" signature="plan3()[pri:0, instance:Adda.testNg.testNG.day2@3d299e3]" name="plan3" duration-ms="4" started-at="2020-09-02T13:14:32Z" finished-at="2020-09-02T13:14:32Z">
          <reporter-output>
          </reporter-output>
        </test-method> <!-- plan3 -->
      </class> <!-- Adda.testNg.testNG.day2 -->
    </test> <!-- Personal loan -->
    <test name="Business loan" duration-ms="31" started-at="2020-09-02T17:14:33Z" finished-at="2020-09-02T17:14:33Z">
      <class name="Adda.testNg.testNG.day4">
        <test-method status="PASS" signature="plan4()[pri:0, instance:Adda.testNg.testNG.day4@1a0dcaa]" name="plan4" duration-ms="2" started-at="2020-09-02T13:14:33Z" finished-at="2020-09-02T13:14:33Z">
          <reporter-output>
          </reporter-output>
        </test-method> <!-- plan4 -->
        <test-method status="PASS" signature="plan5()[pri:0, instance:Adda.testNg.testNG.day4@1a0dcaa]" name="plan5" duration-ms="3" started-at="2020-09-02T13:14:33Z" finished-at="2020-09-02T13:14:33Z">
          <reporter-output>
          </reporter-output>
        </test-method> <!-- plan5 -->
      </class> <!-- Adda.testNg.testNG.day4 -->
      <class name="Adda.testNg.testNG.day3">
        <test-method status="PASS" signature="plan4()[pri:0, instance:Adda.testNg.testNG.day3@19d37183]" name="plan4" duration-ms="2" started-at="2020-09-02T13:14:33Z" finished-at="2020-09-02T13:14:33Z">
          <reporter-output>
          </reporter-output>
        </test-method> <!-- plan4 -->
        <test-method status="PASS" signature="plan5()[pri:0, instance:Adda.testNg.testNG.day3@19d37183]" name="plan5" duration-ms="3" started-at="2020-09-02T13:14:33Z" finished-at="2020-09-02T13:14:33Z">
          <reporter-output>
          </reporter-output>
        </test-method> <!-- plan5 -->
      </class> <!-- Adda.testNg.testNG.day3 -->
    </test> <!-- Business loan -->
  </suite> <!-- Loan Department -->
</testng-results>
